Summary of SPARK analysis
=========================

--------------------------------------------------------------------------------------------------------
SPARK Analysis results        Total       Flow   Interval   CodePeer     Provers   Justified    Unproved
--------------------------------------------------------------------------------------------------------
Data Dependencies                 .          .          .          .           .           .           .
Flow Dependencies                 .          .          .          .           .           .           .
Initialization                    9          9          .          .           .           .           .
Non-Aliasing                      .          .          .          .           .           .           .
Run-time Checks                  17          .          .          .    9 (CVC4)           .           8
Assertions                        4          .          .          .    3 (CVC4)           .           1
Functional Contracts              2          .          .          .    1 (CVC4)           .           1
LSP Verification                  .          .          .          .           .           .           .
--------------------------------------------------------------------------------------------------------
Total                            32    9 (28%)          .          .    13 (41%)           .    10 (31%)


Analyzed 6 units
in unit assertions, 0 subprograms and packages out of 4 analyzed
  Assertions.Assert_False at assertions.ads:7 skipped
  Assertions.Assert_False at assertions.ads:13 skipped
  Assertions.Assert_True at assertions.ads:4 skipped
  Assertions.Assert_True at assertions.ads:10 skipped
in unit main, 0 subprograms and packages out of 1 analyzed
  Main at main.adb:9 skipped
in unit stringextraction, 1 subprograms and packages out of 5 analyzed
  StringExtraction at stringextraction.ads:1 skipped
  StringExtraction.Contains at stringextraction.ads:32 skipped
  StringExtraction.Extract_Consonants at stringextraction.ads:19 skipped
  StringExtraction.Extract_Vowels at stringextraction.ads:7 skipped
  StringExtraction.Is_Contained at stringextraction.ads:42 flow analyzed (0 errors, 0 checks and 0 warnings) and proved (1 checks)
in unit teststring, 0 subprograms and packages out of 1 analyzed
  TestString at teststring.adb:5 skipped
in unit testvector, 0 subprograms and packages out of 1 analyzed
  TestVector at testvector.adb:5 skipped
in unit vectormultiplication, 3 subprograms and packages out of 3 analyzed
  VectorMultiplication at vectormultiplication.ads:1 flow analyzed (0 errors, 0 checks and 0 warnings) and proved (0 checks)
  VectorMultiplication.Constant_Product at vectormultiplication.ads:14 flow analyzed (0 errors, 0 checks and 0 warnings) and not proved, 11 checks out of 18 proved
  VectorMultiplication.Scalar_Product at vectormultiplication.ads:5 flow analyzed (0 errors, 0 checks and 0 warnings) and not proved, 1 checks out of 4 proved
