stringextraction.adb:4:07: info: range check proved[#126]
stringextraction.adb:4:68: info: length check proved[#166]
stringextraction.adb:5:40: info: range check proved[#119]
stringextraction.adb:7:36: info: initialization of "result_index" proved[#33]
stringextraction.adb:18:20: info: index check proved[#115]
stringextraction.adb:18:34: info: initialization of "result_index" proved[#34]
stringextraction.adb:18:34: info: initialization of "result" proved[#35]
stringextraction.adb:22:31: info: initialization of "result_index" proved[#36]
stringextraction.adb:24:16: info: initialization of "result_index" proved[#37]
stringextraction.adb:25:32: info: initialization of "result_index" proved[#38]
stringextraction.adb:25:45: info: overflow check proved[#103]
stringextraction.adb:31:32: info: initialization of "result_index" proved[#39]
stringextraction.adb:31:32: info: loop invariant preservation proved[#67]
stringextraction.adb:31:32: info: loop invariant initialization proved[#129]
stringextraction.adb:32:32: info: initialization of "previous_index" proved[#40]
stringextraction.adb:32:32: info: loop invariant preservation proved[#107]
stringextraction.adb:32:32: info: loop invariant initialization proved[#173]
stringextraction.adb:33:32: info: initialization of "result_index" proved[#41]
stringextraction.adb:33:32: info: loop invariant preservation proved[#114]
stringextraction.adb:33:32: info: loop invariant initialization proved[#178]
stringextraction.adb:33:50: info: overflow check proved[#127]
stringextraction.adb:34:32: info: initialization of "previous_index" proved[#43]
stringextraction.adb:34:32: info: loop invariant preservation proved[#120]
stringextraction.adb:34:32: info: loop invariant initialization proved[#183]
stringextraction.adb:34:50: info: initialization of "result_index" proved[#42]
stringextraction.adb:35:32: info: initialization of "previous_index" proved[#44]
stringextraction.adb:35:32: info: loop invariant preservation proved[#118]
stringextraction.adb:35:32: info: loop invariant initialization proved[#180]
stringextraction.adb:37:32: info: loop invariant preservation proved[#110]
stringextraction.adb:37:32: info: loop invariant initialization proved[#175]
stringextraction.adb:37:61: info: index check proved[#84]
stringextraction.adb:38:35: info: initialization of "match_found" proved[#45]
stringextraction.adb:39:32: info: loop invariant initialization proved[#74]
stringextraction.adb:39:32: info: loop invariant preservation proved[#133]
stringextraction.adb:39:35: info: initialization of "match_found" proved[#47]
stringextraction.adb:40:35: info: initialization of "result" proved[#48]
stringextraction.adb:40:42: info: initialization of "previous_index" proved[#46]
stringextraction.adb:40:42: info: index check proved[#106]
stringextraction.adb:40:73: info: index check proved[#101]
stringextraction.adb:41:32: info: loop invariant preservation proved[#92]
stringextraction.adb:41:32: info: loop invariant initialization proved[#155]
stringextraction.adb:41:35: info: initialization of "match_found" proved[#50]
stringextraction.adb:42:48: info: initialization of "result" proved[#51]
stringextraction.adb:42:55: info: initialization of "previous_index" proved[#49]
stringextraction.adb:42:55: info: index check proved[#123]
stringextraction.adb:43:32: info: loop invariant preservation proved[#99]
stringextraction.adb:43:32: info: loop invariant initialization proved[#161]
stringextraction.adb:43:35: info: initialization of "match_found" proved[#52]
stringextraction.adb:44:61: info: index check proved[#124]
stringextraction.adb:44:65: info: initialization of "result" proved[#53]
stringextraction.adb:45:32: info: loop invariant initialization proved[#100]
stringextraction.adb:45:32: info: loop invariant preservation proved[#156]
stringextraction.adb:45:39: info: initialization of "match_found" proved[#54]
stringextraction.adb:46:65: info: index check proved[#167]
stringextraction.adb:46:69: info: initialization of "result" proved[#55]
stringextraction.adb:48:32: info: loop invariant preservation proved[#86]
stringextraction.adb:48:32: info: loop invariant initialization proved[#152]
stringextraction.adb:48:45: info: initialization of "result" proved[#56]
stringextraction.adb:49:46: info: index check proved[#170]
stringextraction.adb:50:61: info: index check proved[#181]
stringextraction.adb:51:32: info: loop invariant initialization proved[#91]
stringextraction.adb:51:32: info: loop invariant preservation proved[#149]
stringextraction.adb:51:45: info: initialization of "result" proved[#57]
stringextraction.adb:52:45: info: index check proved[#98]
stringextraction.adb:53:60: info: index check proved[#153]
stringextraction.adb:54:32: info: loop invariant initialization proved[#117]
stringextraction.adb:54:32: info: loop invariant preservation proved[#176]
stringextraction.adb:54:45: info: initialization of "result" proved[#58]
stringextraction.adb:55:62: info: index check proved[#113]
stringextraction.adb:56:45: info: index check proved[#132]
stringextraction.adb:57:32: info: loop invariant initialization proved[#71]
stringextraction.adb:57:32: info: loop invariant preservation proved[#130]
stringextraction.adb:57:45: info: initialization of "result" proved[#60]
stringextraction.adb:57:61: info: initialization of "result_index" proved[#59]
stringextraction.adb:58:54: info: index check proved[#125]
stringextraction.adb:59:32: info: loop invariant preservation proved[#104]
stringextraction.adb:59:32: info: loop invariant initialization proved[#169]
stringextraction.adb:59:45: info: initialization of "result" proved[#62]
stringextraction.adb:59:61: info: initialization of "result_index" proved[#61]
stringextraction.adb:60:54: info: index check proved[#75]
stringextraction.adb:61:32: info: loop invariant initialization proved[#122]
stringextraction.adb:62:65: info: index check proved[#168]
stringextraction.adb:63:35: medium: loop invariant might fail after first iteration, cannot prove Is_Contained(Given_String(K), result) (e.g. when Given_string = (others => 'NUL') and Given_string'First = 0 and Given_string'Last = 0 and J = 0 and K = 0 and result = (others => 'NUL') and result'First = 0 and result'Last = 0 and vowels'First = 0 and vowels'Last = 0)[#179]
stringextraction.adb:63:61: info: index check proved[#162]
stringextraction.adb:63:65: info: initialization of "result" proved[#63]
stringextraction.adb:66:14: info: range check proved[#88]
stringextraction.adb:66:21: info: initialization of "result" proved[#65]
stringextraction.adb:66:37: info: initialization of "previous_index" proved[#64]
stringextraction.adb:73:07: info: range check proved[#76]
stringextraction.adb:73:68: info: length check proved[#93]
stringextraction.adb:74:40: info: range check proved[#134]
stringextraction.adb:76:36: info: initialization of "result_index" proved[#0]
stringextraction.adb:87:20: info: index check proved[#142]
stringextraction.adb:87:34: info: initialization of "result_index" proved[#1]
stringextraction.adb:87:34: info: initialization of "result" proved[#2]
stringextraction.adb:91:31: info: initialization of "result_index" proved[#3]
stringextraction.adb:93:16: info: initialization of "result_index" proved[#4]
stringextraction.adb:94:32: info: initialization of "result_index" proved[#5]
stringextraction.adb:94:45: info: overflow check proved[#111]
stringextraction.adb:100:32: info: initialization of "result_index" proved[#6]
stringextraction.adb:100:32: info: loop invariant initialization proved[#108]
stringextraction.adb:100:32: info: loop invariant preservation proved[#164]
stringextraction.adb:101:32: info: initialization of "previous_index" proved[#7]
stringextraction.adb:101:32: info: loop invariant preservation proved[#81]
stringextraction.adb:101:32: info: loop invariant initialization proved[#145]
stringextraction.adb:102:32: info: initialization of "result_index" proved[#8]
stringextraction.adb:102:32: info: loop invariant preservation proved[#105]
stringextraction.adb:102:32: info: loop invariant initialization proved[#171]
stringextraction.adb:102:50: info: overflow check proved[#177]
stringextraction.adb:103:32: info: initialization of "previous_index" proved[#10]
stringextraction.adb:103:32: info: loop invariant preservation proved[#82]
stringextraction.adb:103:32: info: loop invariant initialization proved[#146]
stringextraction.adb:103:50: info: initialization of "result_index" proved[#9]
stringextraction.adb:104:32: info: initialization of "previous_index" proved[#11]
stringextraction.adb:104:32: info: loop invariant initialization proved[#94]
stringextraction.adb:104:32: info: loop invariant preservation proved[#150]
stringextraction.adb:106:32: info: loop invariant preservation proved[#79]
stringextraction.adb:106:32: info: loop invariant initialization proved[#143]
stringextraction.adb:106:61: info: index check proved[#68]
stringextraction.adb:107:35: info: initialization of "match_found" proved[#12]
stringextraction.adb:108:32: info: loop invariant initialization proved[#116]
stringextraction.adb:108:32: info: loop invariant preservation proved[#174]
stringextraction.adb:108:35: info: initialization of "match_found" proved[#14]
stringextraction.adb:109:35: info: initialization of "result" proved[#15]
stringextraction.adb:109:42: info: initialization of "previous_index" proved[#13]
stringextraction.adb:109:42: info: index check proved[#95]
stringextraction.adb:109:73: info: index check proved[#159]
stringextraction.adb:110:32: info: loop invariant preservation proved[#70]
stringextraction.adb:110:32: info: loop invariant initialization proved[#136]
stringextraction.adb:110:35: info: initialization of "match_found" proved[#17]
stringextraction.adb:111:48: info: initialization of "result" proved[#18]
stringextraction.adb:111:55: info: initialization of "previous_index" proved[#16]
stringextraction.adb:111:55: info: index check proved[#109]
stringextraction.adb:112:32: info: loop invariant preservation proved[#73]
stringextraction.adb:112:32: info: loop invariant initialization proved[#137]
stringextraction.adb:112:35: info: initialization of "match_found" proved[#19]
stringextraction.adb:113:61: info: index check proved[#96]
stringextraction.adb:113:65: info: initialization of "result" proved[#20]
stringextraction.adb:114:32: info: loop invariant initialization proved[#72]
stringextraction.adb:114:32: info: loop invariant preservation proved[#131]
stringextraction.adb:114:39: info: initialization of "match_found" proved[#21]
stringextraction.adb:115:65: info: index check proved[#140]
stringextraction.adb:115:69: info: initialization of "result" proved[#22]
stringextraction.adb:117:32: info: loop invariant preservation proved[#83]
stringextraction.adb:117:32: info: loop invariant initialization proved[#147]
stringextraction.adb:117:45: info: initialization of "result" proved[#23]
stringextraction.adb:118:46: info: index check proved[#141]
stringextraction.adb:119:61: info: index check proved[#182]
stringextraction.adb:120:32: info: loop invariant initialization proved[#85]
stringextraction.adb:120:32: info: loop invariant preservation proved[#138]
stringextraction.adb:120:45: info: initialization of "result" proved[#24]
stringextraction.adb:121:45: info: index check proved[#77]
stringextraction.adb:122:60: info: index check proved[#160]
stringextraction.adb:123:32: info: loop invariant initialization proved[#87]
stringextraction.adb:123:32: info: loop invariant preservation proved[#144]
stringextraction.adb:123:45: info: initialization of "result" proved[#25]
stringextraction.adb:124:62: info: index check proved[#172]
stringextraction.adb:125:45: info: index check proved[#69]
stringextraction.adb:126:32: info: loop invariant initialization proved[#112]
stringextraction.adb:126:32: info: loop invariant preservation proved[#165]
stringextraction.adb:126:45: info: initialization of "result" proved[#27]
stringextraction.adb:126:61: info: initialization of "result_index" proved[#26]
stringextraction.adb:127:54: info: index check proved[#78]
stringextraction.adb:128:32: info: loop invariant initialization proved[#89]
stringextraction.adb:128:32: info: loop invariant preservation proved[#148]
stringextraction.adb:128:45: info: initialization of "result" proved[#29]
stringextraction.adb:128:61: info: initialization of "result_index" proved[#28]
stringextraction.adb:129:54: info: index check proved[#163]
stringextraction.adb:130:32: info: loop invariant initialization proved[#154]
stringextraction.adb:131:65: info: index check proved[#97]
stringextraction.adb:132:35: medium: loop invariant might fail after first iteration, cannot prove Is_Contained(Given_String(K), result) (e.g. when Given_string = (others => 'NUL') and Given_string'First = 0 and Given_string'Last = 0 and J = 0 and K = 0 and consonants'First = 0 and consonants'Last = 0 and result = (others => 'NUL') and result'First = 0 and result'Last = 0)[#90]
stringextraction.adb:132:61: info: index check proved[#66]
stringextraction.adb:132:65: info: initialization of "result" proved[#30]
stringextraction.adb:135:14: info: range check proved[#128]
stringextraction.adb:135:21: info: initialization of "result" proved[#32]
stringextraction.adb:135:37: info: initialization of "previous_index" proved[#31]
stringextraction.ads:14:33: info: index check proved[#158]
stringextraction.ads:18:20: medium: postcondition might fail, cannot prove Is_Contained(Extract_Vowels'Result(J), Given_string) (e.g. when Extract_Vowels'First = 0 and Extract_Vowels'Last = 0 and Extract_Vowels'Result = (others => 'NUL') and Given_string = (others => 'NUL') and Given_string'First = 0 and Given_string'Last = 0 and J = 0)[#80]
stringextraction.ads:18:55: info: index check proved[#121]
stringextraction.ads:26:33: info: index check proved[#139]
stringextraction.ads:30:20: medium: postcondition might fail, cannot prove Is_Contained(Extract_Consonants'Result(J), Given_string) (e.g. when Extract_Consonants'First = 0 and Extract_Consonants'Last = 0 and Extract_Consonants'Result = (others => 'NUL') and Given_string = (others => 'NUL') and Given_string'First = 0 and Given_string'Last = 0 and J = 0)[#135]
stringextraction.ads:30:59: info: index check proved[#102]
stringextraction.ads:34:64: info: index check proved[#151]
stringextraction.ads:38:36: info: index check proved[#157]
